<?xml version="1.0" encoding="UTF-8"?>
<testsuite name="com.bcp.bootcamp.configserver.ConfigserverApplicationTests" tests="1" skipped="0" failures="0" errors="0" timestamp="2021-04-06T23:46:39" hostname="Alfredos-MacBook-Pro.local" time="0.504">
  <properties/>
  <testcase name="contextLoads()" classname="com.bcp.bootcamp.configserver.ConfigserverApplicationTests" time="0.504"/>
  <system-out><![CDATA[18:46:35.703 [Test worker] DEBUG org.springframework.test.context.BootstrapUtils - Instantiating CacheAwareContextLoaderDelegate from class [org.springframework.test.context.cache.DefaultCacheAwareContextLoaderDelegate]
18:46:35.730 [Test worker] DEBUG org.springframework.test.context.BootstrapUtils - Instantiating BootstrapContext using constructor [public org.springframework.test.context.support.DefaultBootstrapContext(java.lang.Class,org.springframework.test.context.CacheAwareContextLoaderDelegate)]
18:46:35.801 [Test worker] DEBUG org.springframework.test.context.BootstrapUtils - Instantiating TestContextBootstrapper for test class [com.bcp.bootcamp.configserver.ConfigserverApplicationTests] from class [org.springframework.boot.test.context.SpringBootTestContextBootstrapper]
18:46:35.818 [Test worker] INFO org.springframework.boot.test.context.SpringBootTestContextBootstrapper - Neither @ContextConfiguration nor @ContextHierarchy found for test class [com.bcp.bootcamp.configserver.ConfigserverApplicationTests], using SpringBootContextLoader
18:46:35.823 [Test worker] DEBUG org.springframework.test.context.support.AbstractContextLoader - Did not detect default resource location for test class [com.bcp.bootcamp.configserver.ConfigserverApplicationTests]: class path resource [com/bcp/bootcamp/configserver/ConfigserverApplicationTests-context.xml] does not exist
18:46:35.823 [Test worker] DEBUG org.springframework.test.context.support.AbstractContextLoader - Did not detect default resource location for test class [com.bcp.bootcamp.configserver.ConfigserverApplicationTests]: class path resource [com/bcp/bootcamp/configserver/ConfigserverApplicationTestsContext.groovy] does not exist
18:46:35.824 [Test worker] INFO org.springframework.test.context.support.AbstractContextLoader - Could not detect default resource locations for test class [com.bcp.bootcamp.configserver.ConfigserverApplicationTests]: no resource found for suffixes {-context.xml, Context.groovy}.
18:46:35.825 [Test worker] INFO org.springframework.test.context.support.AnnotationConfigContextLoaderUtils - Could not detect default configuration classes for test class [com.bcp.bootcamp.configserver.ConfigserverApplicationTests]: ConfigserverApplicationTests does not declare any static, non-private, non-final, nested classes annotated with @Configuration.
18:46:35.875 [Test worker] DEBUG org.springframework.test.context.support.ActiveProfilesUtils - Could not find an 'annotation declaring class' for annotation type [org.springframework.test.context.ActiveProfiles] and class [com.bcp.bootcamp.configserver.ConfigserverApplicationTests]
18:46:35.930 [Test worker] DEBUG org.springframework.context.annotation.ClassPathScanningCandidateComponentProvider - Identified candidate component class: file [/Users/alfredobenaute/bootcamp-abril/bcp-bootcamp-configserver/build/classes/java/main/com/bcp/bootcamp/configserver/ConfigServerApplication.class]
18:46:35.931 [Test worker] INFO org.springframework.boot.test.context.SpringBootTestContextBootstrapper - Found @SpringBootConfiguration com.bcp.bootcamp.configserver.ConfigServerApplication for test class com.bcp.bootcamp.configserver.ConfigserverApplicationTests
18:46:36.019 [Test worker] DEBUG org.springframework.boot.test.context.SpringBootTestContextBootstrapper - @TestExecutionListeners is not present for class [com.bcp.bootcamp.configserver.ConfigserverApplicationTests]: using defaults.
18:46:36.020 [Test worker] INFO org.springframework.boot.test.context.SpringBootTestContextBootstrapper - Loaded default TestExecutionListener class names from location [META-INF/spring.factories]: [org.springframework.boot.test.autoconfigure.restdocs.RestDocsTestExecutionListener, org.springframework.boot.test.autoconfigure.web.client.MockRestServiceServerResetTestExecutionListener, org.springframework.boot.test.autoconfigure.web.servlet.MockMvcPrintOnlyOnFailureTestExecutionListener, org.springframework.boot.test.autoconfigure.web.servlet.WebDriverTestExecutionListener, org.springframework.boot.test.autoconfigure.webservices.client.MockWebServiceServerTestExecutionListener, org.springframework.boot.test.mock.mockito.MockitoTestExecutionListener, org.springframework.boot.test.mock.mockito.ResetMocksTestExecutionListener, org.springframework.test.context.web.ServletTestExecutionListener, org.springframework.test.context.support.DirtiesContextBeforeModesTestExecutionListener, org.springframework.test.context.event.ApplicationEventsTestExecutionListener, org.springframework.test.context.support.DependencyInjectionTestExecutionListener, org.springframework.test.context.support.DirtiesContextTestExecutionListener, org.springframework.test.context.transaction.TransactionalTestExecutionListener, org.springframework.test.context.jdbc.SqlScriptsTestExecutionListener, org.springframework.test.context.event.EventPublishingTestExecutionListener]
18:46:36.032 [Test worker] DEBUG org.springframework.boot.test.context.SpringBootTestContextBootstrapper - Skipping candidate TestExecutionListener [org.springframework.test.context.transaction.TransactionalTestExecutionListener] due to a missing dependency. Specify custom listener classes or make the default listener classes and their required dependencies available. Offending class: [org/springframework/transaction/interceptor/TransactionAttributeSource]
18:46:36.033 [Test worker] DEBUG org.springframework.boot.test.context.SpringBootTestContextBootstrapper - Skipping candidate TestExecutionListener [org.springframework.test.context.jdbc.SqlScriptsTestExecutionListener] due to a missing dependency. Specify custom listener classes or make the default listener classes and their required dependencies available. Offending class: [org/springframework/transaction/interceptor/TransactionAttribute]
18:46:36.033 [Test worker] INFO org.springframework.boot.test.context.SpringBootTestContextBootstrapper - Using TestExecutionListeners: [org.springframework.test.context.web.ServletTestExecutionListener@3d7dd907, org.springframework.test.context.support.DirtiesContextBeforeModesTestExecutionListener@78de1000, org.springframework.test.context.event.ApplicationEventsTestExecutionListener@642381c4, org.springframework.boot.test.mock.mockito.MockitoTestExecutionListener@33b9be71, org.springframework.boot.test.autoconfigure.SpringBootDependencyInjectionTestExecutionListener@60dffce0, org.springframework.test.context.support.DirtiesContextTestExecutionListener@6889beeb, org.springframework.test.context.event.EventPublishingTestExecutionListener@10dc3f9f, org.springframework.boot.test.autoconfigure.restdocs.RestDocsTestExecutionListener@6ee841c3, org.springframework.boot.test.autoconfigure.web.client.MockRestServiceServerResetTestExecutionListener@714f8802, org.springframework.boot.test.autoconfigure.web.servlet.MockMvcPrintOnlyOnFailureTestExecutionListener@54140e26, org.springframework.boot.test.autoconfigure.web.servlet.WebDriverTestExecutionListener@25c5f3fc, org.springframework.boot.test.autoconfigure.webservices.client.MockWebServiceServerTestExecutionListener@90f48de, org.springframework.boot.test.mock.mockito.ResetMocksTestExecutionListener@48dde65]
18:46:36.037 [Test worker] DEBUG org.springframework.test.context.support.AbstractDirtiesContextTestExecutionListener - Before test class: context [DefaultTestContext@7fd6b4be testClass = ConfigserverApplicationTests, testInstance = [null], testMethod = [null], testException = [null], mergedContextConfiguration = [WebMergedContextConfiguration@583b174b testClass = ConfigserverApplicationTests, locations = '{}', classes = '{class com.bcp.bootcamp.configserver.ConfigServerApplication}', contextInitializerClasses = '[]', activeProfiles = '{}', propertySourceLocations = '{}', propertySourceProperties = '{org.springframework.boot.test.context.SpringBootTestContextBootstrapper=true}', contextCustomizers = set[org.springframework.boot.test.autoconfigure.actuate.metrics.MetricsExportContextCustomizerFactory$DisableMetricExportContextCustomizer@32f3fa52, org.springframework.boot.test.autoconfigure.properties.PropertyMappingContextCustomizer@0, org.springframework.boot.test.autoconfigure.web.servlet.WebDriverContextCustomizerFactory$Customizer@54b904ac, org.springframework.boot.test.context.filter.ExcludeFilterContextCustomizer@51018693, org.springframework.boot.test.json.DuplicateJsonObjectContextCustomizerFactory$DuplicateJsonObjectContextCustomizer@41e28d63, org.springframework.boot.test.mock.mockito.MockitoContextCustomizer@0, org.springframework.boot.test.web.client.TestRestTemplateContextCustomizer@1facda9a, org.springframework.boot.test.context.SpringBootTestArgs@1, org.springframework.boot.test.context.SpringBootTestWebEnvironment@13c7026a], resourceBasePath = 'src/main/webapp', contextLoader = 'org.springframework.boot.test.context.SpringBootContextLoader', parent = [null]], attributes = map['org.springframework.test.context.web.ServletTestExecutionListener.activateListener' -> true]], class annotated with @DirtiesContext [false] with mode [null].
18:46:36.070 [Test worker] DEBUG org.springframework.test.context.support.TestPropertySourceUtils - Adding inlined properties to environment: {spring.jmx.enabled=false, org.springframework.boot.test.context.SpringBootTestContextBootstrapper=true}

  .   ____          _            __ _ _
 /\\ / ___'_ __ _ _(_)_ __  __ _ \ \ \ \
( ( )\___ | '_ | '_| | '_ \/ _` | \ \ \ \
 \\/  ___)| |_)| | | | | || (_| |  ) ) ) )
  '  |____| .__|_| |_|_| |_\__, | / / / /
 =========|_|==============|___/=/_/_/_/
 :: Spring Boot ::                (v2.4.4)

2021-04-06 18:46:36.492  INFO 46126 --- [    Test worker] c.b.b.c.ConfigserverApplicationTests     : Starting ConfigserverApplicationTests using Java 13.0.1 on Alfredos-MacBook-Pro.local with PID 46126 (started by alfredobenaute in /Users/alfredobenaute/bootcamp-abril/bcp-bootcamp-configserver)
2021-04-06 18:46:36.494  INFO 46126 --- [    Test worker] c.b.b.c.ConfigserverApplicationTests     : No active profile set, falling back to default profiles: default
2021-04-06 18:46:37.593  INFO 46126 --- [    Test worker] o.s.cloud.context.scope.GenericScope     : BeanFactory id=be85cf02-0623-3450-b208-9e67fffa5244
2021-04-06 18:46:38.228  INFO 46126 --- [    Test worker] o.s.s.concurrent.ThreadPoolTaskExecutor  : Initializing ExecutorService 'applicationTaskExecutor'
2021-04-06 18:46:39.153  INFO 46126 --- [    Test worker] o.s.b.a.e.web.EndpointLinksResolver      : Exposing 2 endpoint(s) beneath base path '/actuator'
2021-04-06 18:46:39.205  INFO 46126 --- [    Test worker] c.b.b.c.ConfigserverApplicationTests     : Started ConfigserverApplicationTests in 3.125 seconds (JVM running for 4.504)
]]></system-out>
  <system-err><![CDATA[]]></system-err>
</testsuite>
